C51 COMPILER V9.00   LCD1602                                                               05/29/2015 15:25:33 PAGE 1   


C51 COMPILER V9.00, COMPILATION OF MODULE LCD1602
OBJECT MODULE PLACED IN lcd1602.OBJ
COMPILER INVOKED BY: e:\Keil\C51\BIN\C51.EXE lcd1602.c BROWSE DEBUG OBJECTEXTEND

line level    source

   1          //LCD1602.c
   2          #include<reg51.h>
   3          #include<intrins.h>
   4          #define uchar unsigned char
   5          #define uint unsigned int
   6          sbit RS=P2^0;
   7          sbit RW=P2^1;
   8          sbit EN=P2^2;
   9          //延时
  10          void DelayMS(uint ms)
  11          {
  12   1              uchar i;
  13   1              while(ms--) for(i=0;i<120;i++);
  14   1      }
  15          //忙检查
  16          uchar Busy_Check()
  17          {
  18   1              uchar LCD_Status;
  19   1              RS=0;                           //寄存器选择
  20   1              RW=1;                           //读状态寄存器
  21   1              EN=1;                           //开始读
  22   1              DelayMS(1);
  23   1              LCD_Status=P0;
  24   1              EN=0;
  25   1              return LCD_Status;
  26   1      }                
  27          //写LCD命令
  28          void Write_LCD_Command(uchar cmd)
  29          {
  30   1              while((Busy_Check()&0x80)==0x80);       //忙等待
  31   1              RS=0;           //选择命令寄存器
  32   1              RW=0;           //写
  33   1              EN=0;   
  34   1              P0=cmd;EN=1;DelayMS(1);EN=0;
  35   1      }
  36          //发送数据
  37          void Write_LCD_Data(uchar dat)
  38          {
  39   1              while((Busy_Check()&0x80)==0x80);       //忙等待
  40   1              RS=1;RW=0;EN=0;P0=dat;EN=1;DelayMS(1);EN=0;
  41   1      }
  42          //LCD初始化
  43          void Initialize_LCD()
  44          {
  45   1              Write_LCD_Command(0x38);DelayMS(1);
  46   1              Write_LCD_Command(0x01);DelayMS(1);     //清屏
  47   1              Write_LCD_Command(0x06);DelayMS(1);     //字符进入模式：屏幕不动，字符后移
  48   1              Write_LCD_Command(0x0c);DelayMS(1);     //显示开，光标关
  49   1      }
  50          //显示字符串
  51          void ShowString(uchar x,uchar y,uchar *str)
  52          {
  53   1              uchar i=0;
  54   1              if(y==0) Write_LCD_Command(0x80|x);     //设置显示起始位置
  55   1              if(y==1) Write_LCD_Command(0xc0|x);
C51 COMPILER V9.00   LCD1602                                                               05/29/2015 15:25:33 PAGE 2   

  56   1              for(i=0;i<16;i++)                                       //输出字符串
  57   1              {
  58   2                      Write_LCD_Data(str[i]);
  59   2              }
  60   1      }


MODULE INFORMATION:   STATIC OVERLAYABLE
   CODE SIZE        =    186    ----
   CONSTANT SIZE    =   ----    ----
   XDATA SIZE       =   ----    ----
   PDATA SIZE       =   ----    ----
   DATA SIZE        =   ----       6
   IDATA SIZE       =   ----    ----
   BIT SIZE         =   ----    ----
END OF MODULE INFORMATION.


C51 COMPILATION COMPLETE.  0 WARNING(S),  0 ERROR(S)
