C51 COMPILER V9.01   1602                                                                  04/26/2015 15:51:54 PAGE 1   


C51 COMPILER V9.01, COMPILATION OF MODULE 1602
OBJECT MODULE PLACED IN 1602.OBJ
COMPILER INVOKED BY: C:\Keil\C51\BIN\C51.EXE 1602.c BROWSE DEBUG OBJECTEXTEND

line level    source

   1          #include <reg51.h>
   2          
   3          #define uchar unsigned char
   4          #define uint unsigned int
   5          
   6          /*------------------------------LCD1602需要声明的函数------------------------------
   7          void WR_data(uchar ,uchar *,uchar,uchar);          //"()"里面变量的属性：1、行位置；2、要显示的内容；3、处于行的
             -位数；4、显示内容的长度
   8          void intint();                                                             //LCD1602初始化
   9          void write_com(uchar);                                                     //向LCD1602写指令
  10          ----------------------------------------------------------------------------------*/
  11          sbit RS=P2^0;
  12          sbit EN=P2^2;
  13          sbit RW=P2^1; 
  14          
  15          #define DATAQ P0
  16          void delay(uint ms)
  17          {
  18   1              uchar i;
  19   1              while(ms--) for(i=0;i<120;i++);
  20   1      }
  21          /*void busy_check()
  22          {       
  23                  P0=0xff;
  24                  RS=0;
  25                  RW=1;   
  26                  delay(1);
  27                  EN=1;
  28                  while((P0&0x80)==0x80);
  29                  EN=0;   
  30          }*/
  31          void write_com(uchar com)
  32          {
  33   1      //      busy_check();
  34   1              RS=0;
  35   1              RW=0;
  36   1              EN=0;
  37   1              DATAQ=com;
  38   1              delay(1);
  39   1              EN=1;
  40   1              delay(1);
  41   1              EN=0;
  42   1      }
  43          
  44          void write_date(uchar date)
  45          {
  46   1      //      busy_check();
  47   1              RS=1;
  48   1              RW=0;
  49   1              EN=0;
  50   1              DATAQ=date;
  51   1              delay(1);
  52   1              EN=1;
  53   1              delay(1);
  54   1              EN=0;
C51 COMPILER V9.01   1602                                                                  04/26/2015 15:51:54 PAGE 2   

  55   1      }
  56          void intint()
  57          {
  58   1              write_com(0x3c);delay(1);
  59   1              write_com(0x01);delay(1);
  60   1              write_com(0x02);delay(1);
  61   1              write_com(0x06);delay(1);
  62   1              write_com(0x0c);delay(1);       
  63   1      }
  64          void WR_data(uchar u,uchar *p,uchar set)
  65          {
  66   1              uchar *i;
  67   1              write_com(0x0c);
  68   1              switch(u)
  69   1              {
  70   2                      case 1:
  71   2                                      write_com(0x80+set);
  72   2                                      for(i=p;(*i)!='\0';i++)
  73   2                                      {
  74   3                                              write_date(*i);
  75   3                                      } break;
  76   2                      case 2:
  77   2                                      write_com(0xc0+set);
  78   2                                      for(i=p;*i!='\0';i++)
  79   2                                      {
  80   3                                              write_date(*i);
  81   3                                      } break;
  82   2                      default :break;
  83   2              }
  84   1              write_com(0x80|set);
  85   1              write_com(0x0f);
  86   1      }
  87          void WR_data_one(uchar u,uchar p,uchar set)
  88          {
  89   1              write_com(0x0c);
  90   1              switch(u)
  91   1              {
  92   2                      case 1:
  93   2                                      write_com(0x80+set);
  94   2                                      write_date(p);
  95   2                                       break;
  96   2                      case 2:
  97   2                                      write_com(0xc0+set);            
  98   2                                      write_date(p);
  99   2                                       break;
 100   2                      default :break;
 101   2              }
 102   1              write_com(0x80|set);
 103   1              write_com(0x0f);
 104   1      }


MODULE INFORMATION:   STATIC OVERLAYABLE
   CODE SIZE        =    271    ----
   CONSTANT SIZE    =   ----    ----
   XDATA SIZE       =   ----    ----
   PDATA SIZE       =   ----    ----
   DATA SIZE        =   ----       8
   IDATA SIZE       =   ----    ----
   BIT SIZE         =   ----    ----
END OF MODULE INFORMATION.


C51 COMPILATION COMPLETE.  0 WARNING(S),  0 ERROR(S)
